   FREQ_SECT  SEASONAL  6
   SECTOR   1  0   30
   SECTOR   2  30  90
   SECTOR   3  90  120
   SECTOR   4  120 180
   SECTOR   5  180 240
   SECTOR   6  240 360
**----------------------------------------------|
**         | season | section| a0  | b0  | z0   |
**---------|--------|--------|-----|-----|------|
   SITE_CHAR    1       1     0.18  0.70  0.01
   SITE_CHAR    2       1     0.15  0.30  0.015
   SITE_CHAR    3       1     0.15  0.50  0.02
   SITE_CHAR    4       1     0.15  0.70  0.015
   SITE_CHAR    1       2     0.18  1.00  0.30
   SITE_CHAR    2       2     0.16  0.80  0.40
   SITE_CHAR    3       2     0.16  0.80  0.40
   SITE_CHAR    4       2     0.16  1.00  0.40
   SITE_CHAR    1       3     0.18  1.50  0.70
   SITE_CHAR    2       3     0.18  1.50  0.70
   SITE_CHAR    3       3     0.18  1.50  0.70
   SITE_CHAR    4       3     0.18  1.50  0.70
   SITE_CHAR    1       4     0.18  1.50  1.00
   SITE_CHAR    2       4     0.18  1.50  1.00
   SITE_CHAR    3       4     0.18  1.50  1.00
   SITE_CHAR    4       4     0.18  1.50  1.00
   SITE_CHAR    1       5     0.18  1.00  0.30
   SITE_CHAR    2       5     0.16  0.80  0.40
   SITE_CHAR    3       5     0.16  0.80  0.40
   SITE_CHAR    4       5     0.16  1.00  0.40
   SITE_CHAR    1       6     0.18  0.70  0.01
   SITE_CHAR    2       6     0.15  0.30  0.015
   SITE_CHAR    3       6     0.15  0.50  0.02
   SITE_CHAR    4       6     0.15  0.70  0.015
